<?xml version="1.0" encoding="UTF-8"?>
<!-- Generated by org.testng.reporters.JUnitReportReporter -->
<testsuite hostname="DELL_INSPIRON" name="com.vk.LoginPageTest" tests="1" failures="0" timestamp="30 Nov 2015 19:09:43 GMT" time="9.797" errors="0">
  <testcase name="loginAndNavigation" time="9.797" classname="com.vk.LoginPageTest"/>
</testsuite> <!-- com.vk.LoginPageTest -->
