<?xml version="1.0" encoding="UTF-8"?>
<!-- Generated by org.testng.reporters.JUnitReportReporter -->
<testsuite hostname="DELL_INSPIRON" name="com.vk.SimpleTest" tests="1" failures="0" timestamp="3 Dec 2015 21:32:31 GMT" time="100.937" errors="0">
  <testcase name="simpleTest" time="100.937" classname="com.vk.SimpleTest"/>
</testsuite> <!-- com.vk.SimpleTest -->
