<?xml version="1.0" encoding="UTF-8"?>
<!-- Generated by org.testng.reporters.JUnitReportReporter -->
<testsuite hostname="DELL_INSPIRON" name="com.vk.SpringTest" tests="1" failures="0" timestamp="9 Nov 2015 13:49:18 GMT" time="0.013" errors="0">
  <testcase name="test" time="0.013" classname="com.vk.SpringTest"/>
</testsuite> <!-- com.vk.SpringTest -->
